[debug] [2024-01-06T00:30:35.044Z] ----------------------------------------------------------------------
[debug] [2024-01-06T00:30:35.046Z] Command:       /Users/jonathandaniel/.nvm/versions/node/v18.18.2/bin/node /Users/jonathandaniel/.nvm/versions/node/v18.18.2/bin/firebase serve
[debug] [2024-01-06T00:30:35.046Z] CLI Version:   13.0.2
[debug] [2024-01-06T00:30:35.047Z] Platform:      darwin
[debug] [2024-01-06T00:30:35.047Z] Node Version:  v18.18.2
[debug] [2024-01-06T00:30:35.048Z] Time:          Sat Jan 06 2024 02:30:35 GMT+0200 (Israel Standard Time)
[debug] [2024-01-06T00:30:35.048Z] ----------------------------------------------------------------------
[debug] 
[debug] [2024-01-06T00:30:35.152Z] > command requires scopes: ["email","openid","https://www.googleapis.com/auth/cloudplatformprojects.readonly","https://www.googleapis.com/auth/firebase","https://www.googleapis.com/auth/cloud-platform"]
[debug] [2024-01-06T00:30:35.152Z] > authorizing via signed-in user (jdwork2021@gmail.com)
[debug] [2024-01-06T00:30:35.152Z] [iam] checking project jdev-il for permissions ["firebase.projects.get"]
[debug] [2024-01-06T00:30:35.153Z] > refreshing access token with scopes: []
[debug] [2024-01-06T00:30:35.155Z] >>> [apiv2][query] POST https://www.googleapis.com/oauth2/v3/token [none]
[debug] [2024-01-06T00:30:35.155Z] >>> [apiv2][body] POST https://www.googleapis.com/oauth2/v3/token [omitted]
[debug] [2024-01-06T00:30:35.321Z] <<< [apiv2][status] POST https://www.googleapis.com/oauth2/v3/token 200
[debug] [2024-01-06T00:30:35.321Z] <<< [apiv2][body] POST https://www.googleapis.com/oauth2/v3/token [omitted]
[debug] [2024-01-06T00:30:35.331Z] >>> [apiv2][query] POST https://cloudresourcemanager.googleapis.com/v1/projects/jdev-il:testIamPermissions [none]
[debug] [2024-01-06T00:30:35.331Z] >>> [apiv2][(partial)header] POST https://cloudresourcemanager.googleapis.com/v1/projects/jdev-il:testIamPermissions x-goog-quota-user=projects/jdev-il
[debug] [2024-01-06T00:30:35.331Z] >>> [apiv2][body] POST https://cloudresourcemanager.googleapis.com/v1/projects/jdev-il:testIamPermissions {"permissions":["firebase.projects.get"]}
[debug] [2024-01-06T00:30:36.333Z] <<< [apiv2][status] POST https://cloudresourcemanager.googleapis.com/v1/projects/jdev-il:testIamPermissions 200
[debug] [2024-01-06T00:30:36.333Z] <<< [apiv2][body] POST https://cloudresourcemanager.googleapis.com/v1/projects/jdev-il:testIamPermissions {"permissions":["firebase.projects.get"]}
[debug] [2024-01-06T00:30:36.334Z] >>> [apiv2][query] GET https://firebase.googleapis.com/v1beta1/projects/jdev-il [none]
[debug] [2024-01-06T00:30:36.713Z] <<< [apiv2][status] GET https://firebase.googleapis.com/v1beta1/projects/jdev-il 200
[debug] [2024-01-06T00:30:36.713Z] <<< [apiv2][body] GET https://firebase.googleapis.com/v1beta1/projects/jdev-il {"projectId":"jdev-il","projectNumber":"704733248110","displayName":"JDev-il","name":"projects/jdev-il","resources":{"hostingSite":"jdev-il","realtimeDatabaseInstance":"jdev-il-default-rtdb","storageBucket":"jdev-il.appspot.com","locationId":"europe-west"},"state":"ACTIVE","etag":"1_ba4b9f1e-3681-4efc-85e8-1cb7a5eceb9f"}
[info] 
[info] === Serving from '/Volumes/Media Drive/Development/Projects/WeWebs-GitHub/wewebs~git/wewebs-io'...
[info] 
[debug] [2024-01-06T00:30:36.716Z] >>> [apiv2][query] GET https://firebase.googleapis.com/v1beta1/projects/jdev-il [none]
[debug] [2024-01-06T00:30:36.988Z] <<< [apiv2][status] GET https://firebase.googleapis.com/v1beta1/projects/jdev-il 200
[debug] [2024-01-06T00:30:36.988Z] <<< [apiv2][body] GET https://firebase.googleapis.com/v1beta1/projects/jdev-il {"projectId":"jdev-il","projectNumber":"704733248110","displayName":"JDev-il","name":"projects/jdev-il","resources":{"hostingSite":"jdev-il","realtimeDatabaseInstance":"jdev-il-default-rtdb","storageBucket":"jdev-il.appspot.com","locationId":"europe-west"},"state":"ACTIVE","etag":"1_ba4b9f1e-3681-4efc-85e8-1cb7a5eceb9f"}
[debug] [2024-01-06T00:30:41.024Z] >>> [apiv2][query] GET https://firebasehosting.googleapis.com/v1beta1/projects/jdev-il/sites pageToken=&pageSize=10
[debug] [2024-01-06T00:30:42.237Z] <<< [apiv2][status] GET https://firebasehosting.googleapis.com/v1beta1/projects/jdev-il/sites 200
[debug] [2024-01-06T00:30:42.237Z] <<< [apiv2][body] GET https://firebasehosting.googleapis.com/v1beta1/projects/jdev-il/sites {"sites":[{"name":"projects/jdev-il/sites/jdev-il","defaultUrl":"https://jdev-il.web.app","appId":"1:704733248110:web:6e1f6508ab6cfcafa8847f","type":"DEFAULT_SITE"}]}
[debug] [2024-01-06T00:30:42.237Z] >>> [apiv2][query] GET https://firebase.googleapis.com/v1beta1/projects/-/webApps/1:704733248110:web:6e1f6508ab6cfcafa8847f/config [none]
[debug] [2024-01-06T00:30:42.882Z] <<< [apiv2][status] GET https://firebase.googleapis.com/v1beta1/projects/-/webApps/1:704733248110:web:6e1f6508ab6cfcafa8847f/config 200
[debug] [2024-01-06T00:30:42.882Z] <<< [apiv2][body] GET https://firebase.googleapis.com/v1beta1/projects/-/webApps/1:704733248110:web:6e1f6508ab6cfcafa8847f/config {"projectId":"jdev-il","appId":"1:704733248110:web:6e1f6508ab6cfcafa8847f","databaseURL":"https://jdev-il-default-rtdb.europe-west1.firebasedatabase.app","storageBucket":"jdev-il.appspot.com","locationId":"europe-west","apiKey":"AIzaSyDzyBspL521SkJW1iU5zDyGdLEWAjLIzAk","authDomain":"jdev-il.firebaseapp.com","messagingSenderId":"704733248110","measurementId":"G-SNHZQR0C3S"}
[info] 
   Thank you for trying our early preview of Angular support on Firebase Hosting.
   During the preview, support is best-effort and breaking changes can be expected. Proceed with caution.

   Documentation: https://firebase.google.com/docs/hosting/frameworks/angular
   File a bug: https://github.com/firebase/firebase-tools/issues/new?template=bug_report.md
   Submit a feature request: https://github.com/firebase/firebase-tools/issues/new?template=feature_request.md

   We'd love to learn from you. Express your interest in helping us shape the future of Firebase Hosting: https://goo.gle/41enW5X

